[main] ERROR code.src.Form.FormF1.Test_FormF1  - key not found!!!
[main] TRACE code.src.Form.FormF1.Test_FormF1  - Getting the value for key : [ __FORM_VALIDATION_ERROR__::__COMMON__::__ERROR_LIST__ ] from map : [ null ] 
[main] ERROR code.src.Form.FormF1.Test_FormF1  - Key not found!!!
[main] TRACE code.src.Form.FormF1.Test_FormF1  - Setting the map to [ null ] 
[main] TRACE code.src.Form.FormF1.Test_FormF1  - Map set successfully.
[main] TRACE code.src.Form.FormF1.Test_FormF1  - Getting the value for key : [ __FORM_VALIDATION_ERROR__::__COMMON__::__ERROR_LIST__ ] from map : [ null ] 
[main] TRACE code.src.Form.FormF1.Test_FormF1  - Getting the value for key : [ __FORM_VALIDATION_ERROR__::__COMMON__::__ERROR_LIST__ ] from map : [ null ] 
[main] TRACE code.src.Form.FormF1.Test_FormF1  - Getting the value for key : [ __FORM_VALIDATION_ERROR__::__COMMON__::__ERROR__::firstName_EC_NE::__ERROR_TYPES__ ] from map : [ null ] 
[main] TRACE code.src.Form.FormF1.Test_FormF1  - Getting the value for key : [ __FORM_VALIDATION_ERROR__::__COMMON__::__ERROR__::firstName_EC_NE::__ERROR_TYPES__ ] from map : [ null ] 
[main] TRACE code.src.Form.FormF1.Test_FormF1  - Getting the value for key : [ __FORM_VALIDATION_ERROR__::__COMMON__::__ERROR__::firstName_EC_NE::__ERROR_TYPES__ ] from map : [ null ] 
[main] TRACE code.src.Form.FormF1.Test_FormF1  - Getting the value for key : [ __FORM_VALIDATION_ERROR__::__COMMON__::__ERROR__::firstName_EC_NE::__ERROR_TYPES__ ] from map : [ null ] 
[main] TRACE code.src.Form.FormF1.Test_FormF1  - Getting the value for key : [ __FORM_VALIDATION_ERROR__::__COMMON__::__ERROR__::firstName_EC_NE::__ERROR_TYPES__ ] from map : [ null ] 
[main] TRACE code.src.Form.FormF1.Test_FormF1  - Getting the value for key : [ __FORM_VALIDATION_ERROR__::__COMMON__::__ERROR__::firstName_EC_NE::__ERROR_TYPES__ ] from map : [ null ] 
[main] TRACE code.src.Form.FormF1.Test_FormF1  - Getting the value for key : [ __FORM_VALIDATION_ERROR__::__COMMON__::__ERROR__::firstName_EC_NE::__ERROR_TYPES__ ] from map : [ null ] 
[main] TRACE code.src.Form.FormF1.Test_FormF1  - Getting the value for key : [ __FORM_VALIDATION_ERROR__::__COMMON__::__ERROR__::firstName_EC_NE::__ERROR_TYPES__ ] from map : [ null ] 
[main] TRACE code.src.Form.FormF1.Test_FormF1  - Getting the value for key : [ __FORM_VALIDATION_ERROR__::__COMMON__::__ERROR__::firstName_EC_NE::__ERROR_TYPES__ ] from map : [ null ] 
[main] TRACE code.src.Form.FormF1.Test_FormF1  - Getting the value for key : [ __FORM_VALIDATION_ERROR__::__COMMON__::__ERROR__::firstName_EC_NE::__ERROR_TYPES__ ] from map : [ null ] 
[main] TRACE code.src.Form.FormF1.Test_FormF1  - Getting the value for key : [ __FORM_VALIDATION_ERROR__::__COMMON__::__ERROR__::firstName_EC_NE::__ERROR_TYPES__ ] from map : [ null ] 
[main] TRACE code.src.Form.FormF1.Test_FormF1  - Getting the value for key : [ __FORM_VALIDATION_ERROR__::__COMMON__::__ERROR__::firstName_EC_NE::__ERROR_TYPES__ ] from map : [ null ] 
[main] TRACE code.src.Form.FormF1.Test_FormF1  - Getting the value for key : [ __FORM_VALIDATION_ERROR__::__COMMON__::__ERROR__::firstName_EC_NE::__ERROR_TYPES__ ] from map : [ null ] 
[main] TRACE code.src.Form.FormF1.Test_FormF1  - Getting the value for key : [ __FORM_VALIDATION_ERROR__::__COMMON__::__ERROR__::firstName_EC_NE::__ERROR_TYPES__ ] from map : [ null ] 
[main] TRACE code.src.Form.FormF1.Test_FormF1  - Getting the value for key : [ __FORM_VALIDATION_ERROR__::__COMMON__::__ERROR__::firstName_EC_NE::__ERROR_TYPES__ ] from map : [ null ] 
[main] TRACE code.src.Form.FormF1.Test_FormF1  - Getting the value for key : [ __FORM_VALIDATION_ERROR__::__COMMON__::__ERROR__::firstName_EC_NE::__ERROR_TYPES__ ] from map : [ null ] 
[main] TRACE code.src.Form.FormF1.Test_FormF1  - Getting the value for key : [ __FORM_VALIDATION_ERROR__::__COMMON__::__ERROR__::firstName_EC_NE::__ERROR_TYPES__ ] from map : [ null ] 
[main] TRACE code.src.Form.FormF1.Test_FormF1  - Getting the value for key : [ __FORM_VALIDATION_ERROR__::__COMMON__::__ERROR__::firstName_EC_NE::__ERROR_TYPES__ ] from map : [ null ] 
[main] TRACE code.src.Form.FormF1.Test_FormF1  - Getting the value for key : [ __FORM_VALIDATION_ERROR__::__COMMON__::__ERROR__::firstName_EC_NE::__ERROR_TYPES__ ] from map : [ null ] 
[main] TRACE code.src.Form.FormF1.Test_FormF1  - Getting the value for key : [ __FORM_VALIDATION_ERROR__::__COMMON__::__ERROR__::firstName_EC_NE::__ERROR_TYPES__ ] from map : [ null ] 
[main] TRACE code.src.Form.FormF1.Test_FormF1  - Getting the value for key : [ __FORM_VALIDATION_ERROR__::__COMMON__::__ERROR__::firstName_EC_NE::__ERROR_TYPES__ ] from map : [ null ] 
[main] TRACE code.src.Form.FormF1.Test_FormF1  - Getting the value for key : [ __FORM_VALIDATION_ERROR__::__COMMON__::__ERROR__::firstName_EC_NE::__ERROR_TYPES__ ] from map : [ null ] 
[main] TRACE code.src.Form.FormF1.Test_FormF1  - Getting the value for key : [ __FORM_VALIDATION_ERROR__::__COMMON__::__ERROR__::firstName_EC_NE::__ERROR_TYPES__ ] from map : [ null ] 
[main] TRACE code.src.Form.FormF1.Test_FormF1  - Getting the value for key : [ __FORM_VALIDATION_ERROR__::__COMMON__::__ERROR__::firstName_EC_NE::__ERROR_TYPES__ ] from map : [ null ] 
[main] TRACE code.src.Form.FormF1.Test_FormF1  - Getting the value for key : [ __FORM_VALIDATION_ERROR__::__COMMON__::__ERROR__::firstName_EC_NE::__ERROR_TYPES__ ] from map : [ null ] 
[main] TRACE code.src.Form.FormF1.Test_FormF1  - Getting the value for key : [ __FORM_VALIDATION_ERROR__::__COMMON__::__ERROR__::firstName_EC_NE::__ERROR_TYPES__ ] from map : [ null ] 
[main] TRACE code.src.Form.FormF1.Test_FormF1  - Getting the value for key : [ __FORM_VALIDATION_ERROR__::__COMMON__::__ERROR__::firstName_EC_NE::__ERROR_TYPES__ ] from map : [ null ] 
[main] TRACE code.src.Form.FormF1.Test_FormF1  - Getting the value for key : [ __FORM_VALIDATION_ERROR__::__COMMON__::__ERROR__::firstName_EC_NE::__ERROR_TYPES__ ] from map : [ null ] 
[main] TRACE code.src.Form.FormF1.Test_FormF1  - Getting the value for key : [ __FORM_VALIDATION_ERROR__::__COMMON__::__ERROR__::firstName_EC_NE::__ERROR_TYPES__ ] from map : [ null ] 
[main] TRACE code.src.Form.FormF1.Test_FormF1  - Getting the value for key : [ __FORM_VALIDATION_ERROR__::__COMMON__::__ERROR__::firstName_EC_NE::__ERROR_TYPES__ ] from map : [ null ] 
[main] TRACE code.src.Form.FormF1.Test_FormF1  - Getting the value for key : [ __FORM_VALIDATION_ERROR__::__COMMON__::__ERROR__::firstName_EC_NE::__ERROR_TYPES__ ] from map : [ null ] 
[main] TRACE code.src.Form.FormF1.Test_FormF1  - Getting the value for key : [ __FORM_VALIDATION_ERROR__::__COMMON__::__ERROR__::firstName_EC_NE::__ERROR_TYPES__ ] from map : [ null ] 
[main] TRACE code.src.Form.FormF1.Test_FormF1  - Getting the value for key : [ __FORM_VALIDATION_ERROR__::__COMMON__::__ERROR__::firstName_EC_NE::__ERROR_TYPES__ ] from map : [ null ] 
[main] TRACE code.src.Form.FormF1.Test_FormF1  - Getting the value for key : [ __FORM_VALIDATION_ERROR__::__COMMON__::__ERROR__::firstName_EC_NE::__ERROR_TYPES__ ] from map : [ null ] 
[main] TRACE code.src.Form.FormF1.Test_FormF1  - Getting the value for key : [ __FORM_VALIDATION_ERROR__::__COMMON__::__ERROR__::firstName_EC_NE::__ERROR_TYPES__ ] from map : [ null ] 
[main] TRACE code.src.Form.FormF1.Test_FormF1  - Getting the value for key : [ __FORM_VALIDATION_ERROR__::__COMMON__::__ERROR__::firstName_EC_NE::__ERROR_TYPES__ ] from map : [ null ] 
[main] TRACE code.src.Form.FormF1.Test_FormF1  - Getting the value for key : [ __FORM_VALIDATION_ERROR__::__COMMON__::__ERROR__::firstName_EC_NE::__ERROR_TYPES__ ] from map : [ null ] 
[main] TRACE code.src.Form.FormF1.Test_FormF1  - Getting the value for key : [ __FORM_VALIDATION_ERROR__::__COMMON__::__ERROR__::firstName_EC_NE::__ERROR_TYPES__ ] from map : [ null ] 
[main] TRACE code.src.Form.FormF1.Test_FormF1  - Getting the value for key : [ __FORM_VALIDATION_ERROR__::__COMMON__::__ERROR__::firstName_EC_NE::__ERROR_TYPES__ ] from map : [ null ] 
[main] TRACE code.src.Form.FormF1.Test_FormF1  - Getting the value for key : [ __FORM_VALIDATION_ERROR__::__COMMON__::__ERROR__::firstName_EC_NE::__ERROR_TYPES__ ] from map : [ null ] 
[main] TRACE code.src.Form.FormF1.Test_FormF1  - Getting the value for key : [ __FORM_VALIDATION_ERROR__::__COMMON__::__ERROR__::firstName_EC_NE::__ERROR_TYPES__ ] from map : [ null ] 
[main] TRACE code.src.Form.FormF1.Test_FormF1  - Getting the value for key : [ __FORM_VALIDATION_ERROR__::__COMMON__::__ERROR__::firstName_EC_NE::__ERROR_TYPES__ ] from map : [ null ] 
[main] TRACE code.src.Form.FormF1.Test_FormF1  - Getting the value for key : [ __FORM_VALIDATION_ERROR__::__COMMON__::__ERROR__::firstName_EC_NE::__ERROR_TYPES__ ] from map : [ null ] 
[main] TRACE code.src.Form.FormF1.Test_FormF1  - Getting the value for key : [ __FORM_VALIDATION_ERROR__::__COMMON__::__ERROR__::firstName_EC_NE::__ERROR_TYPES__ ] from map : [ null ] 
[main] TRACE code.src.Form.FormF1.Test_FormF1  - Getting the value for key : [ __FORM_VALIDATION_ERROR__::__COMMON__::__ERROR__::firstName_EC_NE::__ERROR_TYPES__ ] from map : [ null ] 
[main] TRACE code.src.Form.FormF1.Test_FormF1  - Getting the value for key : [ __FORM_VALIDATION_ERROR__::__COMMON__::__ERROR__::firstName_EC_NE::__ERROR_TYPES__ ] from map : [ null ] 
[main] TRACE code.src.Form.FormF1.Test_FormF1  - Getting the value for key : [ __FORM_VALIDATION_ERROR__::__COMMON__::__ERROR__::firstName_EC_NE::__ERROR_TYPES__ ] from map : [ null ] 
[main] TRACE code.src.Form.FormF1.Test_FormF1  - Getting the value for key : [ __FORM_VALIDATION_ERROR__::__COMMON__::__ERROR__::firstName_EC_NE::__ERROR_TYPES__ ] from map : [ null ] 
[main] TRACE code.src.Form.FormF1.Test_FormF1  - Getting the value for key : [ __FORM_VALIDATION_ERROR__::__COMMON__::__ERROR__::firstName_EC_NE::__ERROR_TYPES__ ] from map : [ null ] 
[main] TRACE code.src.Form.FormF1.Test_FormF1  - Getting the value for key : [ __FORM_VALIDATION_ERROR__::__COMMON__::__ERROR__::firstName_EC_NE::__ERROR_TYPES__ ] from map : [ null ] 
[main] TRACE code.src.Form.FormF1.Test_FormF1  - Getting the value for key : [ __FORM_VALIDATION_ERROR__::__COMMON__::__ERROR__::firstName_EC_NE::__ERROR_TYPES__ ] from map : [ null ] 
[main] TRACE code.src.Form.FormF1.Test_FormF1  - Getting the value for key : [ __FORM_VALIDATION_ERROR__::__COMMON__::__ERROR__::firstName_EC_NE::__ERROR_TYPES__ ] from map : [ null ] 
[main] TRACE code.src.Form.FormF1.Test_FormF1  - Getting the value for key : [ __FORM_VALIDATION_ERROR__::__COMMON__::__ERROR__::firstName_EC_NE::__ERROR_TYPES__ ] from map : [ null ] 
[main] TRACE code.src.Form.FormF1.Test_FormF1  - Getting the value for key : [ __FORM_VALIDATION_ERROR__::__COMMON__::__ERROR__::firstName_EC_NE::__ERROR_TYPES__ ] from map : [ null ] 
[main] TRACE code.src.Form.FormF1.Test_FormF1  - Getting the value for key : [ __FORM_VALIDATION_ERROR__::__COMMON__::__ERROR__::firstName_EC_NE::__ERROR_TYPES__ ] from map : [ null ] 
[main] TRACE code.src.Form.FormF1.Test_FormF1  - Getting the value for key : [ __FORM_VALIDATION_ERROR__::__COMMON__::__ERROR__::firstName_EC_NE::__ERROR_TYPES__ ] from map : [ null ] 
[main] TRACE code.src.Form.FormF1.Test_FormF1  - Getting the value for key : [ __FORM_VALIDATION_ERROR__::__COMMON__::__ERROR__::firstName_EC_NE::__ERROR_TYPES__ ] from map : [ null ] 
[main] TRACE code.src.Form.FormF1.Test_FormF1  - Getting the value for key : [ __FORM_VALIDATION_ERROR__::__COMMON__::__ERROR__::firstName_EC_NE::__ERROR_TYPES__ ] from map : [ null ] 
[main] TRACE code.src.Form.FormF1.Test_FormF1  - Getting the value for key : [ __FORM_VALIDATION_ERROR__::__COMMON__::__ERROR__::firstName_EC_NE::__ERROR_TYPES__ ] from map : [ null ] 
[main] TRACE code.src.Form.FormF1.Test_FormF1  - Getting the value for key : [ __FORM_VALIDATION_ERROR__::__COMMON__::__ERROR__::firstName_EC_NE::__ERROR_TYPES__ ] from map : [ null ] 
[main] TRACE code.src.Form.FormF1.Test_FormF1  - Getting the value for key : [ __FORM_VALIDATION_ERROR__::__COMMON__::__ERROR__::firstName_EC_NE::__ERROR_TYPES__ ] from map : [ null ] 
[main] TRACE code.src.Form.FormF1.Test_FormF1  - Getting the value for key : [ __FORM_VALIDATION_ERROR__::__COMMON__::__ERROR__::firstName_EC_NE::__ERROR_TYPES__ ] from map : [ null ] 
[main] TRACE code.src.Form.FormF1.Test_FormF1  - Getting the value for key : [ __FORM_VALIDATION_ERROR__::__COMMON__::__ERROR__::firstName_EC_NE::__ERROR_TYPES__ ] from map : [ null ] 
[main] TRACE code.src.Form.FormF1.Test_FormF1  - Getting the value for key : [ __FORM_VALIDATION_ERROR__::__COMMON__::__ERROR__::firstName_EC_NE::__ERROR_TYPES__ ] from map : [ null ] 
[main] TRACE code.src.Form.FormF1.Test_FormF1  - Getting the value for key : [ __FORM_VALIDATION_ERROR__::__COMMON__::__ERROR__::firstName_EC_NE::__ERROR_TYPES__ ] from map : [ null ] 
[main] TRACE code.src.Form.FormF1.Test_FormF1  - Getting the value for key : [ __FORM_VALIDATION_ERROR__::__COMMON__::__ERROR__::firstName_EC_NE::__ERROR_TYPES__ ] from map : [ null ] 
[main] TRACE code.src.Form.FormF1.Test_FormF1  - Getting the value for key : [ __FORM_VALIDATION_ERROR__::__COMMON__::__ERROR__::firstName_EC_NE::__ERROR_TYPES__ ] from map : [ null ] 
[main] TRACE code.src.Form.FormF1.Test_FormF1  - Getting the value for key : [ __FORM_VALIDATION_ERROR__::__COMMON__::__ERROR__::firstName_EC_NE::__ERROR_TYPES__ ] from map : [ null ] 
[main] TRACE code.src.Form.FormF1.Test_FormF1  - Getting the value for key : [ __FORM_VALIDATION_ERROR__::__COMMON__::__ERROR__::firstName_EC_NE::__ERROR_TYPES__ ] from map : [ null ] 
[main] TRACE code.src.Form.FormF1.Test_FormF1  - Getting the value for key : [ __FORM_VALIDATION_ERROR__::__COMMON__::__ERROR__::firstName_EC_NE::__ERROR_TYPES__ ] from map : [ null ] 
[main] TRACE code.src.Form.FormF1.Test_FormF1  - Getting the value for key : [ __FORM_VALIDATION_ERROR__::__COMMON__::__ERROR__::firstName_EC_NE::__ERROR_TYPES__ ] from map : [ null ] 
[main] TRACE code.src.Form.FormF1.Test_FormF1  - Getting the value for key : [ __FORM_VALIDATION_ERROR__::__COMMON__::__ERROR__::firstName_EC_NE::__ERROR_TYPES__ ] from map : [ null ] 
[main] TRACE code.src.Form.FormF1.Test_FormF1  - Getting the value for key : [ __FORM_VALIDATION_ERROR__::__COMMON__::__ERROR__::firstName_EC_NE::__ERROR_TYPES__ ] from map : [ null ] 
[main] TRACE code.src.Form.FormF1.Test_FormF1  - Getting the value for key : [ __FORM_VALIDATION_ERROR__::__COMMON__::__ERROR__::firstName_EC_NE::__ERROR_TYPES__ ] from map : [ null ] 
[main] TRACE code.src.Form.FormF1.Test_FormF1  - Getting the value for key : [ __FORM_VALIDATION_ERROR__::__COMMON__::__ERROR_LIST__ ] from map : [ null ] 
[main] TRACE code.src.Form.FormF1.Test_FormF1  - Getting the value for key : [ __FORM_VALIDATION_ERROR__::__COMMON__::__ERROR__::firstName_EC_NE::__ERROR_TYPE__::system::__ERROR_IDS__ ] from map : [ null ] 
[main] TRACE code.src.Form.FormF1.Test_FormF1  - Getting the value for key : [ __FORM_VALIDATION_ERROR__::__COMMON__::__ERROR__::firstName_EC_NE::__ERROR_TYPE__::system::__ERROR_ID__::s.01::message::default" ] from map : [ null ] 
[main] ERROR code.src.Form.FormF1.Test_FormF1  - Key not found!!!
[main] TRACE code.src.Form.FormF1.Test_FormF1  - Getting the value for key : [ __FORM_VALIDATION_ERROR__::__COMMON__::__ERROR_LIST__ ] from map : [ null ] 
[main] TRACE code.src.Form.FormF1.Test_FormF1  - Getting the value for key : [ __FORM_VALIDATION_ERROR__::__COMMON__::__ERROR__::firstName_EC_NE::__ERROR_TYPE__::user::__ERROR_IDS__ ] from map : [ null ] 
[main] TRACE code.src.Form.FormF1.Test_FormF1  - Getting the value for key : [ __FORM_VALIDATION_ERROR__::__COMMON__::__ERROR__::firstName_EC_NE::__ERROR_TYPE__::user::__ERROR_ID__::u.01::message::default" ] from map : [ null ] 
[main] ERROR code.src.Form.FormF1.Test_FormF1  - Key not found!!!
[main] TRACE code.src.Form.FormF1.Test_FormF1  - Setting the map to [ ErrorEngineMap ] 
[main] TRACE code.src.Form.FormF1.Test_FormF1  - Map set successfully.
[main] TRACE code.src.Form.FormF1.Test_FormF1  - Getting the value for key : [ __FORM_VALIDATION_ERROR__::__COMMON__::__ERROR_LIST__ ] from map : [ ErrorEngineMap ] 
[main] TRACE code.src.Form.FormF1.Test_FormF1  - Getting the value for key : [ __FORM_VALIDATION_ERROR__::__COMMON__::__ERROR_LIST__ ] from map : [ ErrorEngineMap ] 
[main] TRACE code.src.Form.FormF1.Test_FormF1  - Getting the value for key : [ __FORM_VALIDATION_ERROR__::__COMMON__::__ERROR__::firstName_EC_NE::__ERROR_TYPES__ ] from map : [ ErrorEngineMap ] 
[main] TRACE code.src.Form.FormF1.Test_FormF1  - Getting the value for key : [ __FORM_VALIDATION_ERROR__::__COMMON__::__ERROR__::firstName_EC_NE::__ERROR_TYPES__ ] from map : [ ErrorEngineMap ] 
[main] TRACE code.src.Form.FormF1.Test_FormF1  - Getting the value for key : [ __FORM_VALIDATION_ERROR__::__COMMON__::__ERROR__::firstName_EC_NE::__ERROR_TYPES__ ] from map : [ ErrorEngineMap ] 
[main] TRACE code.src.Form.FormF1.Test_FormF1  - Getting the value for key : [ __FORM_VALIDATION_ERROR__::__COMMON__::__ERROR__::firstName_EC_NE::__ERROR_TYPES__ ] from map : [ ErrorEngineMap ] 
[main] TRACE code.src.Form.FormF1.Test_FormF1  - Getting the value for key : [ __FORM_VALIDATION_ERROR__::__COMMON__::__ERROR__::firstName_EC_NE::__ERROR_TYPES__ ] from map : [ ErrorEngineMap ] 
[main] TRACE code.src.Form.FormF1.Test_FormF1  - Getting the value for key : [ __FORM_VALIDATION_ERROR__::__COMMON__::__ERROR__::firstName_EC_NE::__ERROR_TYPES__ ] from map : [ ErrorEngineMap ] 
[main] TRACE code.src.Form.FormF1.Test_FormF1  - Getting the value for key : [ __FORM_VALIDATION_ERROR__::__COMMON__::__ERROR__::firstName_EC_NE::__ERROR_TYPES__ ] from map : [ ErrorEngineMap ] 
[main] TRACE code.src.Form.FormF1.Test_FormF1  - Getting the value for key : [ __FORM_VALIDATION_ERROR__::__COMMON__::__ERROR__::firstName_EC_NE::__ERROR_TYPES__ ] from map : [ ErrorEngineMap ] 
[main] TRACE code.src.Form.FormF1.Test_FormF1  - Getting the value for key : [ __FORM_VALIDATION_ERROR__::__COMMON__::__ERROR__::firstName_EC_NE::__ERROR_TYPES__ ] from map : [ ErrorEngineMap ] 
[main] TRACE code.src.Form.FormF1.Test_FormF1  - Getting the value for key : [ __FORM_VALIDATION_ERROR__::__COMMON__::__ERROR__::firstName_EC_NE::__ERROR_TYPES__ ] from map : [ ErrorEngineMap ] 
[main] TRACE code.src.Form.FormF1.Test_FormF1  - Getting the value for key : [ __FORM_VALIDATION_ERROR__::__COMMON__::__ERROR__::firstName_EC_NE::__ERROR_TYPES__ ] from map : [ ErrorEngineMap ] 
[main] TRACE code.src.Form.FormF1.Test_FormF1  - Getting the value for key : [ __FORM_VALIDATION_ERROR__::__COMMON__::__ERROR__::firstName_EC_NE::__ERROR_TYPES__ ] from map : [ ErrorEngineMap ] 
[main] TRACE code.src.Form.FormF1.Test_FormF1  - Getting the value for key : [ __FORM_VALIDATION_ERROR__::__COMMON__::__ERROR__::firstName_EC_NE::__ERROR_TYPES__ ] from map : [ ErrorEngineMap ] 
[main] TRACE code.src.Form.FormF1.Test_FormF1  - Getting the value for key : [ __FORM_VALIDATION_ERROR__::__COMMON__::__ERROR__::firstName_EC_NE::__ERROR_TYPES__ ] from map : [ ErrorEngineMap ] 
[main] TRACE code.src.Form.FormF1.Test_FormF1  - Getting the value for key : [ __FORM_VALIDATION_ERROR__::__COMMON__::__ERROR__::firstName_EC_NE::__ERROR_TYPES__ ] from map : [ ErrorEngineMap ] 
[main] TRACE code.src.Form.FormF1.Test_FormF1  - Getting the value for key : [ __FORM_VALIDATION_ERROR__::__COMMON__::__ERROR__::firstName_EC_NE::__ERROR_TYPES__ ] from map : [ ErrorEngineMap ] 
[main] TRACE code.src.Form.FormF1.Test_FormF1  - Getting the value for key : [ __FORM_VALIDATION_ERROR__::__COMMON__::__ERROR__::firstName_EC_NE::__ERROR_TYPES__ ] from map : [ ErrorEngineMap ] 
[main] TRACE code.src.Form.FormF1.Test_FormF1  - Getting the value for key : [ __FORM_VALIDATION_ERROR__::__COMMON__::__ERROR__::firstName_EC_NE::__ERROR_TYPES__ ] from map : [ ErrorEngineMap ] 
[main] TRACE code.src.Form.FormF1.Test_FormF1  - Getting the value for key : [ __FORM_VALIDATION_ERROR__::__COMMON__::__ERROR__::firstName_EC_NE::__ERROR_TYPES__ ] from map : [ ErrorEngineMap ] 
[main] TRACE code.src.Form.FormF1.Test_FormF1  - Getting the value for key : [ __FORM_VALIDATION_ERROR__::__COMMON__::__ERROR__::firstName_EC_NE::__ERROR_TYPES__ ] from map : [ ErrorEngineMap ] 
[main] TRACE code.src.Form.FormF1.Test_FormF1  - Getting the value for key : [ __FORM_VALIDATION_ERROR__::__COMMON__::__ERROR__::firstName_EC_NE::__ERROR_TYPES__ ] from map : [ ErrorEngineMap ] 
[main] TRACE code.src.Form.FormF1.Test_FormF1  - Getting the value for key : [ __FORM_VALIDATION_ERROR__::__COMMON__::__ERROR__::firstName_EC_NE::__ERROR_TYPES__ ] from map : [ ErrorEngineMap ] 
[main] TRACE code.src.Form.FormF1.Test_FormF1  - Getting the value for key : [ __FORM_VALIDATION_ERROR__::__COMMON__::__ERROR__::firstName_EC_NE::__ERROR_TYPES__ ] from map : [ ErrorEngineMap ] 
[main] TRACE code.src.Form.FormF1.Test_FormF1  - Getting the value for key : [ __FORM_VALIDATION_ERROR__::__COMMON__::__ERROR__::firstName_EC_NE::__ERROR_TYPES__ ] from map : [ ErrorEngineMap ] 
[main] TRACE code.src.Form.FormF1.Test_FormF1  - Getting the value for key : [ __FORM_VALIDATION_ERROR__::__COMMON__::__ERROR__::firstName_EC_NE::__ERROR_TYPES__ ] from map : [ ErrorEngineMap ] 
[main] TRACE code.src.Form.FormF1.Test_FormF1  - Getting the value for key : [ __FORM_VALIDATION_ERROR__::__COMMON__::__ERROR__::firstName_EC_NE::__ERROR_TYPES__ ] from map : [ ErrorEngineMap ] 
[main] TRACE code.src.Form.FormF1.Test_FormF1  - Getting the value for key : [ __FORM_VALIDATION_ERROR__::__COMMON__::__ERROR__::firstName_EC_NE::__ERROR_TYPES__ ] from map : [ ErrorEngineMap ] 
[main] TRACE code.src.Form.FormF1.Test_FormF1  - Getting the value for key : [ __FORM_VALIDATION_ERROR__::__COMMON__::__ERROR__::firstName_EC_NE::__ERROR_TYPES__ ] from map : [ ErrorEngineMap ] 
[main] TRACE code.src.Form.FormF1.Test_FormF1  - Getting the value for key : [ __FORM_VALIDATION_ERROR__::__COMMON__::__ERROR__::firstName_EC_NE::__ERROR_TYPES__ ] from map : [ ErrorEngineMap ] 
[main] TRACE code.src.Form.FormF1.Test_FormF1  - Getting the value for key : [ __FORM_VALIDATION_ERROR__::__COMMON__::__ERROR__::firstName_EC_NE::__ERROR_TYPES__ ] from map : [ ErrorEngineMap ] 
[main] TRACE code.src.Form.FormF1.Test_FormF1  - Getting the value for key : [ __FORM_VALIDATION_ERROR__::__COMMON__::__ERROR__::firstName_EC_NE::__ERROR_TYPES__ ] from map : [ ErrorEngineMap ] 
[main] TRACE code.src.Form.FormF1.Test_FormF1  - Getting the value for key : [ __FORM_VALIDATION_ERROR__::__COMMON__::__ERROR__::firstName_EC_NE::__ERROR_TYPES__ ] from map : [ ErrorEngineMap ] 
[main] TRACE code.src.Form.FormF1.Test_FormF1  - Getting the value for key : [ __FORM_VALIDATION_ERROR__::__COMMON__::__ERROR__::firstName_EC_NE::__ERROR_TYPES__ ] from map : [ ErrorEngineMap ] 
[main] TRACE code.src.Form.FormF1.Test_FormF1  - Getting the value for key : [ __FORM_VALIDATION_ERROR__::__COMMON__::__ERROR__::firstName_EC_NE::__ERROR_TYPES__ ] from map : [ ErrorEngineMap ] 
[main] TRACE code.src.Form.FormF1.Test_FormF1  - Getting the value for key : [ __FORM_VALIDATION_ERROR__::__COMMON__::__ERROR__::firstName_EC_NE::__ERROR_TYPES__ ] from map : [ ErrorEngineMap ] 
[main] TRACE code.src.Form.FormF1.Test_FormF1  - Getting the value for key : [ __FORM_VALIDATION_ERROR__::__COMMON__::__ERROR__::firstName_EC_NE::__ERROR_TYPES__ ] from map : [ ErrorEngineMap ] 
[main] TRACE code.src.Form.FormF1.Test_FormF1  - Getting the value for key : [ __FORM_VALIDATION_ERROR__::__COMMON__::__ERROR__::firstName_EC_NE::__ERROR_TYPES__ ] from map : [ ErrorEngineMap ] 
[main] TRACE code.src.Form.FormF1.Test_FormF1  - Getting the value for key : [ __FORM_VALIDATION_ERROR__::__COMMON__::__ERROR__::firstName_EC_NE::__ERROR_TYPES__ ] from map : [ ErrorEngineMap ] 
[main] TRACE code.src.Form.FormF1.Test_FormF1  - Getting the value for key : [ __FORM_VALIDATION_ERROR__::__COMMON__::__ERROR__::firstName_EC_NE::__ERROR_TYPES__ ] from map : [ ErrorEngineMap ] 
[main] TRACE code.src.Form.FormF1.Test_FormF1  - Getting the value for key : [ __FORM_VALIDATION_ERROR__::__COMMON__::__ERROR__::firstName_EC_NE::__ERROR_TYPES__ ] from map : [ ErrorEngineMap ] 
[main] TRACE code.src.Form.FormF1.Test_FormF1  - Getting the value for key : [ __FORM_VALIDATION_ERROR__::__COMMON__::__ERROR__::firstName_EC_NE::__ERROR_TYPES__ ] from map : [ ErrorEngineMap ] 
[main] TRACE code.src.Form.FormF1.Test_FormF1  - Getting the value for key : [ __FORM_VALIDATION_ERROR__::__COMMON__::__ERROR__::firstName_EC_NE::__ERROR_TYPES__ ] from map : [ ErrorEngineMap ] 
[main] TRACE code.src.Form.FormF1.Test_FormF1  - Getting the value for key : [ __FORM_VALIDATION_ERROR__::__COMMON__::__ERROR__::firstName_EC_NE::__ERROR_TYPES__ ] from map : [ ErrorEngineMap ] 
[main] TRACE code.src.Form.FormF1.Test_FormF1  - Getting the value for key : [ __FORM_VALIDATION_ERROR__::__COMMON__::__ERROR__::firstName_EC_NE::__ERROR_TYPES__ ] from map : [ ErrorEngineMap ] 
[main] TRACE code.src.Form.FormF1.Test_FormF1  - Getting the value for key : [ __FORM_VALIDATION_ERROR__::__COMMON__::__ERROR__::firstName_EC_NE::__ERROR_TYPES__ ] from map : [ ErrorEngineMap ] 
[main] TRACE code.src.Form.FormF1.Test_FormF1  - Getting the value for key : [ __FORM_VALIDATION_ERROR__::__COMMON__::__ERROR__::firstName_EC_NE::__ERROR_TYPES__ ] from map : [ ErrorEngineMap ] 
[main] TRACE code.src.Form.FormF1.Test_FormF1  - Getting the value for key : [ __FORM_VALIDATION_ERROR__::__COMMON__::__ERROR__::firstName_EC_NE::__ERROR_TYPES__ ] from map : [ ErrorEngineMap ] 
[main] TRACE code.src.Form.FormF1.Test_FormF1  - Getting the value for key : [ __FORM_VALIDATION_ERROR__::__COMMON__::__ERROR__::firstName_EC_NE::__ERROR_TYPES__ ] from map : [ ErrorEngineMap ] 
[main] TRACE code.src.Form.FormF1.Test_FormF1  - Getting the value for key : [ __FORM_VALIDATION_ERROR__::__COMMON__::__ERROR__::firstName_EC_NE::__ERROR_TYPES__ ] from map : [ ErrorEngineMap ] 
[main] TRACE code.src.Form.FormF1.Test_FormF1  - Getting the value for key : [ __FORM_VALIDATION_ERROR__::__COMMON__::__ERROR__::firstName_EC_NE::__ERROR_TYPES__ ] from map : [ ErrorEngineMap ] 
[main] TRACE code.src.Form.FormF1.Test_FormF1  - Getting the value for key : [ __FORM_VALIDATION_ERROR__::__COMMON__::__ERROR__::firstName_EC_NE::__ERROR_TYPES__ ] from map : [ ErrorEngineMap ] 
[main] TRACE code.src.Form.FormF1.Test_FormF1  - Getting the value for key : [ __FORM_VALIDATION_ERROR__::__COMMON__::__ERROR__::firstName_EC_NE::__ERROR_TYPES__ ] from map : [ ErrorEngineMap ] 
[main] TRACE code.src.Form.FormF1.Test_FormF1  - Getting the value for key : [ __FORM_VALIDATION_ERROR__::__COMMON__::__ERROR__::firstName_EC_NE::__ERROR_TYPES__ ] from map : [ ErrorEngineMap ] 
[main] TRACE code.src.Form.FormF1.Test_FormF1  - Getting the value for key : [ __FORM_VALIDATION_ERROR__::__COMMON__::__ERROR__::firstName_EC_NE::__ERROR_TYPES__ ] from map : [ ErrorEngineMap ] 
[main] TRACE code.src.Form.FormF1.Test_FormF1  - Getting the value for key : [ __FORM_VALIDATION_ERROR__::__COMMON__::__ERROR__::firstName_EC_NE::__ERROR_TYPES__ ] from map : [ ErrorEngineMap ] 
[main] TRACE code.src.Form.FormF1.Test_FormF1  - Getting the value for key : [ __FORM_VALIDATION_ERROR__::__COMMON__::__ERROR__::firstName_EC_NE::__ERROR_TYPES__ ] from map : [ ErrorEngineMap ] 
[main] TRACE code.src.Form.FormF1.Test_FormF1  - Getting the value for key : [ __FORM_VALIDATION_ERROR__::__COMMON__::__ERROR__::firstName_EC_NE::__ERROR_TYPES__ ] from map : [ ErrorEngineMap ] 
[main] TRACE code.src.Form.FormF1.Test_FormF1  - Getting the value for key : [ __FORM_VALIDATION_ERROR__::__COMMON__::__ERROR__::firstName_EC_NE::__ERROR_TYPES__ ] from map : [ ErrorEngineMap ] 
[main] TRACE code.src.Form.FormF1.Test_FormF1  - Getting the value for key : [ __FORM_VALIDATION_ERROR__::__COMMON__::__ERROR__::firstName_EC_NE::__ERROR_TYPES__ ] from map : [ ErrorEngineMap ] 
[main] TRACE code.src.Form.FormF1.Test_FormF1  - Getting the value for key : [ __FORM_VALIDATION_ERROR__::__COMMON__::__ERROR__::firstName_EC_NE::__ERROR_TYPES__ ] from map : [ ErrorEngineMap ] 
[main] TRACE code.src.Form.FormF1.Test_FormF1  - Getting the value for key : [ __FORM_VALIDATION_ERROR__::__COMMON__::__ERROR__::firstName_EC_NE::__ERROR_TYPES__ ] from map : [ ErrorEngineMap ] 
[main] TRACE code.src.Form.FormF1.Test_FormF1  - Getting the value for key : [ __FORM_VALIDATION_ERROR__::__COMMON__::__ERROR__::firstName_EC_NE::__ERROR_TYPES__ ] from map : [ ErrorEngineMap ] 
[main] TRACE code.src.Form.FormF1.Test_FormF1  - Getting the value for key : [ __FORM_VALIDATION_ERROR__::__COMMON__::__ERROR__::firstName_EC_NE::__ERROR_TYPES__ ] from map : [ ErrorEngineMap ] 
[main] TRACE code.src.Form.FormF1.Test_FormF1  - Getting the value for key : [ __FORM_VALIDATION_ERROR__::__COMMON__::__ERROR__::firstName_EC_NE::__ERROR_TYPES__ ] from map : [ ErrorEngineMap ] 
[main] TRACE code.src.Form.FormF1.Test_FormF1  - Getting the value for key : [ __FORM_VALIDATION_ERROR__::__COMMON__::__ERROR__::firstName_EC_NE::__ERROR_TYPES__ ] from map : [ ErrorEngineMap ] 
[main] TRACE code.src.Form.FormF1.Test_FormF1  - Getting the value for key : [ __FORM_VALIDATION_ERROR__::__COMMON__::__ERROR__::firstName_EC_NE::__ERROR_TYPES__ ] from map : [ ErrorEngineMap ] 
[main] TRACE code.src.Form.FormF1.Test_FormF1  - Getting the value for key : [ __FORM_VALIDATION_ERROR__::__COMMON__::__ERROR__::firstName_EC_NE::__ERROR_TYPES__ ] from map : [ ErrorEngineMap ] 
[main] TRACE code.src.Form.FormF1.Test_FormF1  - Getting the value for key : [ __FORM_VALIDATION_ERROR__::__COMMON__::__ERROR__::firstName_EC_NE::__ERROR_TYPES__ ] from map : [ ErrorEngineMap ] 
[main] TRACE code.src.Form.FormF1.Test_FormF1  - Getting the value for key : [ __FORM_VALIDATION_ERROR__::__COMMON__::__ERROR__::firstName_EC_NE::__ERROR_TYPES__ ] from map : [ ErrorEngineMap ] 
[main] TRACE code.src.Form.FormF1.Test_FormF1  - Getting the value for key : [ __FORM_VALIDATION_ERROR__::__COMMON__::__ERROR__::firstName_EC_NE::__ERROR_TYPES__ ] from map : [ ErrorEngineMap ] 
[main] TRACE code.src.Form.FormF1.Test_FormF1  - Getting the value for key : [ __FORM_VALIDATION_ERROR__::__COMMON__::__ERROR__::firstName_EC_NE::__ERROR_TYPES__ ] from map : [ ErrorEngineMap ] 
[main] TRACE code.src.Form.FormF1.Test_FormF1  - Getting the value for key : [ __FORM_VALIDATION_ERROR__::__COMMON__::__ERROR__::firstName_EC_NE::__ERROR_TYPES__ ] from map : [ ErrorEngineMap ] 
[main] TRACE code.src.Form.FormF1.Test_FormF1  - Getting the value for key : [ __FORM_VALIDATION_ERROR__::__COMMON__::__ERROR__::firstName_EC_NE::__ERROR_TYPES__ ] from map : [ ErrorEngineMap ] 
[main] TRACE code.src.Form.FormF1.Test_FormF1  - Getting the value for key : [ __FORM_VALIDATION_ERROR__::__COMMON__::__ERROR__::firstName_EC_NE::__ERROR_TYPES__ ] from map : [ ErrorEngineMap ] 
[main] TRACE code.src.Form.FormF1.Test_FormF1  - Getting the value for key : [ __FORM_VALIDATION_ERROR__::__COMMON__::__ERROR_LIST__ ] from map : [ ErrorEngineMap ] 
[main] TRACE code.src.Form.FormF1.Test_FormF1  - Getting the value for key : [ __FORM_VALIDATION_ERROR__::__COMMON__::__ERROR__::firstName_EC_NE::__ERROR_TYPE__::system::__ERROR_IDS__ ] from map : [ ErrorEngineMap ] 
[main] TRACE code.src.Form.FormF1.Test_FormF1  - Getting the value for key : [ __FORM_VALIDATION_ERROR__::__COMMON__::__ERROR__::firstName_EC_NE::__ERROR_TYPE__::system::__ERROR_ID__::s.01::message::default" ] from map : [ ErrorEngineMap ] 
[main] ERROR code.src.Form.FormF1.Test_FormF1  - Key not found!!!
[main] TRACE code.src.Form.FormF1.Test_FormF1  - Getting the value for key : [ __FORM_VALIDATION_ERROR__::__COMMON__::__ERROR_LIST__ ] from map : [ ErrorEngineMap ] 
[main] TRACE code.src.Form.FormF1.Test_FormF1  - Getting the value for key : [ __FORM_VALIDATION_ERROR__::__COMMON__::__ERROR__::firstName_EC_NE::__ERROR_TYPE__::user::__ERROR_IDS__ ] from map : [ ErrorEngineMap ] 
[main] TRACE code.src.Form.FormF1.Test_FormF1  - Getting the value for key : [ __FORM_VALIDATION_ERROR__::__COMMON__::__ERROR__::firstName_EC_NE::__ERROR_TYPE__::user::__ERROR_ID__::u.01::message::default" ] from map : [ ErrorEngineMap ] 
[main] ERROR code.src.Form.FormF1.Test_FormF1  - Key not found!!!
[main] TRACE code.src.Form.FormF1.Test_FormF1  - Setting the map to [ ErrorEngineMap ] 
[main] TRACE code.src.Form.FormF1.Test_FormF1  - Map set successfully.
[main] ERROR code.src.Form.FormF1.Test_FormF1  - Key not found!!!
[main] ERROR code.src.Form.FormF1.Test_FormF1  - Key not found!!!
[main] TRACE code.src.Form.FormF1.Test_FormF1  - Setting the map to [ ErrorEngineMap ] 
[main] TRACE code.src.Form.FormF1.Test_FormF1  - Map set successfully.
[main] ERROR code.src.Form.FormF1.Test_FormF1  - Key not found!!!
[main] ERROR code.src.Form.FormF1.Test_FormF1  - Key not found!!!
[main] TRACE code.src.Form.FormF1.Test_FormF1  - Setting the map to [ ErrorEngineMap ] 
[main] TRACE code.src.Form.FormF1.Test_FormF1  - Map set successfully.
[main] ERROR code.src.Form.FormF1.Test_FormF1  - Key not found!!!
[main] ERROR code.src.Form.FormF1.Test_FormF1  - Key not found!!!
[main] TRACE code.src.Form.FormF1.Test_FormF1  - Map : [ ErrorEngineMap ], set successfully.
[main] INFO  code.src.Form.FormF1.Test_FormF1  - firstName_EC_NE,system,s.01
[main] ERROR code.src.Form.FormF1.Test_FormF1  - Key not found!!!
[main] INFO  code.src.Form.FormF1.Test_FormF1  - firstName_EC_NE,user,u.01
[main] ERROR code.src.Form.FormF1.Test_FormF1  - Key not found!!!
[main] TRACE code.src.Form.FormF1.Test_FormF1  - Map : [ ErrorEngineMap ], set successfully.
[main] INFO  code.src.Form.FormF1.Test_FormF1  - firstName_EC_NE,system,s.01
[main] ERROR code.src.Form.FormF1.Test_FormF1  - Key not found!!!
[main] INFO  code.src.Form.FormF1.Test_FormF1  - firstName_EC_NE,user,u.01
[main] ERROR code.src.Form.FormF1.Test_FormF1  - Key not found!!!
[main] TRACE code.src.Form.FormF1.Test_FormF1  - Map : [ ErrorEngineMap ], set successfully.
[main] INFO  code.src.Form.FormF1.Test_FormF1  - firstName_EC_NE,system,s.01
[main] INFO  code.src.Form.FormF1.Test_FormF1  - firstName_EC_NE,user,u.01
[main] TRACE code.src.Form.FormF1.Test_FormF1  - Map : [ ErrorEngineMap ], set successfully.
[main] INFO  code.src.Form.FormF1.Test_FormF1  - firstName_EC_NE,system,s.01
[main] INFO  code.src.Form.FormF1.Test_FormF1  - firstName_EC_NE,user,u.01
[main] TRACE code.src.Form.FormF1.Test_FormF1  - Map : [ ErrorEngineMap ], set successfully.
[main] INFO  code.src.Form.FormF1.Test_FormF1  - firstName_EC_NE,system,s.01
[main] INFO  code.src.Form.FormF1.Test_FormF1  - firstName_EC_NE,user,u.01
[main] TRACE code.src.Form.FormF1.Test_FormF1  - Map : [ ErrorEngineMap ], set successfully.
[main] TRACE code.src.Form.FormF1.Test_FormF1  - Map : [ ErrorEngineMap ], set successfully.
[main] TRACE code.src.Form.FormF1.Test_FormF1  - Map : [ ErrorEngineMap ], set successfully.
[main] TRACE methods.ReusableMethods  - Printing the value of hashmap : [ java.util.HashMap ] 
[main] INFO  methods.ReusableMethods  - Key : [ UserErrorMessage ], Value : [ The first name field is empty!!! ] 
[main] INFO  methods.ReusableMethods  - Key : [ SystemErrorMessage ], Value : [ First name, Not empty condition failed!!! ] 
[main] TRACE code.src.Form.FormF1.Test_FormF1  - Map : [ ErrorEngineMap ], set successfully.
[main] TRACE methods.ReusableMethods  - Printing the value of hashmap : [ java.util.HashMap ] 
[main] INFO  methods.ReusableMethods  - Key : [ UserErrorMessage ], Value : [ The first name field is empty!!! ] 
[main] INFO  methods.ReusableMethods  - Key : [ SystemErrorMessage ], Value : [ First name, Not empty condition failed!!! ] 
